<?xml version="1.0" encoding="UTF-8"?>
<!-- Generated by org.testng.reporters.JUnitReportReporter -->
<testsuite hostname="C4HSZY2" failures="0" tests="1" name="com.qa.apitesting.GetRequest_TC007" time="1.318" errors="0" timestamp="2020-02-26T19:09:11 IST" skipped="0">
  <testcase classname="com.qa.apitesting.GetRequest_TC007" name="AuthorizationTest" time="1.318"/>
</testsuite> <!-- com.qa.apitesting.GetRequest_TC007 -->
