<?xml version="1.0" encoding="UTF-8"?>
<!-- Generated by org.testng.reporters.JUnitReportReporter -->
<testsuite hostname="C4HSZY2" failures="0" tests="3" name="com.qa.datadriven.apitesting.DD_TC001" time="3.680" errors="0" timestamp="2020-02-26T20:26:35 IST" skipped="0">
  <testcase classname="com.qa.datadriven.apitesting.DD_TC001" name="postNewEmployee" time="0.816"/>
  <testcase classname="com.qa.datadriven.apitesting.DD_TC001" name="postNewEmployee" time="0.821"/>
  <testcase classname="com.qa.datadriven.apitesting.DD_TC001" name="postNewEmployee" time="2.043"/>
</testsuite> <!-- com.qa.datadriven.apitesting.DD_TC001 -->
