<?xml version="1.0" encoding="UTF-8"?>
<!-- Generated by org.testng.reporters.JUnitReportReporter -->
<testsuite hostname="C4HSZY2" failures="0" tests="1" name="com.qa.apitesting.GetRequest_TC001" time="1.767" errors="0" timestamp="2020-02-28T18:58:10 IST" skipped="0">
  <testcase classname="com.qa.apitesting.GetRequest_TC001" name="getWeatherDetails" time="1.767"/>
</testsuite> <!-- com.qa.apitesting.GetRequest_TC001 -->
