<?xml version="1.0" encoding="UTF-8"?>
<!-- Generated by org.testng.reporters.JUnitReportReporter -->
<testsuite hostname="C4HSZY2" failures="0" tests="7" name="com.qa.restapi.automation.testScripts.GetRequest_AllEmployees_TC001" time="0.024" errors="0" timestamp="2020-03-02T18:33:37 IST" skipped="0">
  <testcase classname="com.qa.restapi.automation.testScripts.GetRequest_AllEmployees_TC001" name="checkSessionID" time="0.002"/>
  <testcase classname="com.qa.restapi.automation.testScripts.GetRequest_AllEmployees_TC001" name="checkStatusCode" time="0.000"/>
  <testcase classname="com.qa.restapi.automation.testScripts.GetRequest_AllEmployees_TC001" name="checkContentType" time="0.001"/>
  <testcase classname="com.qa.restapi.automation.testScripts.GetRequest_AllEmployees_TC001" name="checkContentLength" time="0.004"/>
  <testcase classname="com.qa.restapi.automation.testScripts.GetRequest_AllEmployees_TC001" name="checkStatusLine" time="0.000"/>
  <testcase classname="com.qa.restapi.automation.testScripts.GetRequest_AllEmployees_TC001" name="checkCookies" time="0.002"/>
  <testcase classname="com.qa.restapi.automation.testScripts.GetRequest_AllEmployees_TC001" name="checkResponseBody" time="0.015"/>
</testsuite> <!-- com.qa.restapi.automation.testScripts.GetRequest_AllEmployees_TC001 -->
