<?xml version="1.0" encoding="UTF-8"?>
<!-- Generated by org.testng.reporters.JUnitReportReporter -->
<testsuite hostname="C4HSZY2" failures="0" tests="1" name="com.qa.apitesting.Get_Request_TC005" time="1.382" errors="0" timestamp="2020-02-26T17:20:13 IST" skipped="0">
  <testcase classname="com.qa.apitesting.Get_Request_TC005" name="ValidateJSONResponse" time="1.382"/>
</testsuite> <!-- com.qa.apitesting.Get_Request_TC005 -->
