<?xml version="1.0" encoding="UTF-8"?>
<!-- Generated by org.testng.reporters.JUnitReportReporter -->
<testsuite hostname="C4HSZY2" failures="0" tests="1" name="com.qa.apitesting.Get_Request_TC006" time="1.951" errors="0" timestamp="2020-02-26T18:38:12 IST" skipped="0">
  <testcase classname="com.qa.apitesting.Get_Request_TC006" name="ExtractValuesJSON" time="1.951"/>
</testsuite> <!-- com.qa.apitesting.Get_Request_TC006 -->
